INFO: ------------- Started stroll at 2016-03-22 19:30:32.204013. -------------
INFO: ------------- Walking "SWBF_ModTools/BFBuilder/Assets/Shipped Worlds". -------------
INFO: RenderType 0 (normal) used by: 
		


INFO: RenderType 1 (glow) used by: 
		TAT_prop_homestead_lamp.msh.Material3


INFO: RenderType 2 (detail) used by: 
		


INFO: RenderType 3 (scrolling) used by: 
		bes1_bldg_console_a.msh.Material3
		bes1_bldg_console_a.msh.Material5
		bes1_bldg_console_a.msh.Material7
		bes1_bldg_console_a.msh.Material9
		bes1_bldg_console_a.msh.Material11
		bes1_bldg_console_a.msh.Material13
		bes1_bldg_console_a.msh.Material15
		bes1_bldg_console_a.msh.Material17
		bes1_bldg_console_a.msh.Material19
		bes1_bldg_console_a.msh.Material21
		bes1_bldg_console_a.msh.Material23
		bes1_bldg_console_a.msh.Material25
		bes1_bldg_console_a.msh.Material28
		bes1_bldg_console_a.msh.Material30
		bes1_bldg_console_b.msh.Material13
		bes1_bldg_console_b.msh.Material14
		bes1_bldg_console_b.msh.Material15
		bes1_bldg_console_b.msh.Material20
		bes1_bldg_console_b.msh.Material21
		bes1_bldg_console_b.msh.Material23
		bes1_bldg_console_b.msh.Material25
		bes1_bldg_console_b.msh.Material33
		bes1_bldg_console_b.msh.Material35
		bes1_bldg_console_b.msh.Material37
		bes1_bldg_console_b.msh.Material39
		bes1_bldg_console_b.msh.Material41
		bes1_bldg_console_b.msh.Material43
		bes1_bldg_console_b.msh.Material45
		bes1_bldg_console_b.msh.Material47
		bes2_bldg_bars.msh.Material1
		bes2_bldg_b_top3.msh.Material2
		bes2_bldg_chamber.msh.Scene_Material9
		bes2_bldg_chamber.msh.Material9
		bes2_bldg_chamber.msh.Material11
		bes2_bldg_chamber_exit.msh.Scene_Material18
		bes2_bldg_chamber_exit.msh.Material80
		bes2_bldg_chamber_exit.msh.Material84
		bes2_bldg_clock_tower.msh.Material1
		bes2_bldg_court2.msh.Scene_Material5
		bes2_bldg_courtyard_fountain.msh.Material5
		bes2_bldg_courtyard_fountain.msh.Material7
		bes2_bldg_jail.msh.Scene_Material2
		bes2_bldg_skywaysupport.msh.Material7
		bes2_bldg_street_lamp.msh.Material6
		bes2_carbon_forklift.msh.Material10
		bes2_carbon_forklift.msh.Material12
		bes2_carbon_forklift.msh.Material14
		bes2_carbon_forklift.msh.Material16
		end_bldg_bunker_controlpanel.msh.Material13
		end_bldg_bunker_controlpanel.msh.Material25
		end_bldg_bunker_controlpanel.msh.Material27
		end_bldg_bunker_controlpanel.msh.Material29
		end_bldg_bunker_controlpanel.msh.Material31
		geo_prop_war_room_table.msh.Material6
		geo_prop_war_room_table.msh.Material8
		geo_prop_war_room_table.msh.Material10
		geo_prop_war_room_table.msh.Material14
		hoth_bldg_shieldgenerator.msh.Material16
		hoth_bldg_shieldgenerator.msh.Material27
		HOTH_prop_command_console_A.msh.Material3
		HOTH_prop_command_console_A.msh.Material5
		HOTH_prop_command_console_A.msh.Material7
		HOTH_prop_command_console_A.msh.Material9
		HOTH_prop_command_console_A.msh.Material11
		HOTH_prop_command_console_A.msh.Material13
		HOTH_prop_command_console_A.msh.Material15
		HOTH_prop_command_console_A.msh.Material17
		HOTH_prop_command_console_A.msh.Material19
		HOTH_prop_command_console_A.msh.Material21
		HOTH_prop_command_console_A.msh.Material23
		HOTH_prop_command_console_A.msh.Material25
		HOTH_prop_command_console_A.msh.Material29
		HOTH_prop_command_console_C.msh.Material13
		HOTH_prop_command_console_C.msh.Material14
		HOTH_prop_command_console_C.msh.Material15
		HOTH_prop_command_console_C.msh.Material20
		HOTH_prop_command_console_C.msh.Material21
		HOTH_prop_command_console_C.msh.Material23
		HOTH_prop_command_console_C.msh.Material25
		HOTH_prop_command_console_C.msh.Material33
		HOTH_prop_command_console_C.msh.Material35
		HOTH_prop_command_console_C.msh.Material37
		HOTH_prop_command_console_C.msh.Material39
		HOTH_prop_command_console_C.msh.Material41
		HOTH_prop_command_console_C.msh.Material43
		HOTH_prop_command_console_C.msh.Material45
		HOTH_prop_command_console_C.msh.Material47
		HOTH_prop_command_mainframe.msh.Material5
		HOTH_prop_command_mainframe.msh.Material7
		HOTH_prop_command_mainframe.msh.Material9
		HOTH_prop_command_mainframe.msh.Material11
		HOTH_prop_command_mainframe.msh.Material13
		HOTH_prop_command_mainframe.msh.Material15
		HOTH_prop_command_mainframe.msh.Material17
		HOTH_prop_command_mainframe.msh.Material19
		HOTH_prop_command_mainframe.msh.Material21
		HOTH_prop_command_mainframe.msh.Material23
		kam_prop_crate.msh.Material3
		kas1_prop_runway_lights.msh.Material1
		kas2_bldg_barrier_stairs.msh.Material5
		kas2_bldg_barrier_stairs.msh.Material13
		kas2_bldg_barrier_stairs.msh.Material27
		kas2_bldg_barrier_wall.msh.Material5
		kas2_bldg_barrier_wall.msh.Material7
		kas2_bldg_barrier_wall.msh.Material9
		kas2_bldg_barrier_wall.msh.Material11
		kas2_bldg_barrier_wall.msh.Material13
		kas2_bldg_barrier_wall.msh.Material15
		kas2_bldg_barrier_wall.msh.Material17
		kas2_bldg_barrier_wall.msh.Material27
		kas2_bldg_barrier_wall.msh.Material51
		kas2_bldg_barrier_wall.msh.Material53
		kas2_bldg_dock_ender_left.msh.Material7
		kas2_bldg_dock_ender_left.msh.Material21
		kas2_bldg_dock_ender_left.msh.Material23
		kas2_bldg_dock_ender_right.msh.Material13
		kas2_bldg_dock_ender_right.msh.Material23
		kas2_bldg_dock_ender_right.msh.Material25
		kas2_bldg_pier.msh.Material6
		nab2_prop_fountain.msh.Material4
		sky_water.msh.Material1
		rhn1_prop_tunnel_height.msh.Material5
		rhn1_prop_tunnel_height.msh.Material7
		RhenVar1_skylights.msh.Material1
		RhenVar1_skylights_2.msh.Material1
		RhenVar2_skylights.msh.Material1
		RhenVar2_skylights_2.msh.Material1
		tat2_bldg_cantina.msh.Material69
		tat2_bldg_cantina.msh.Material130
		tat2_bldg_cantina.msh.Material132
		tat2_bldg_cantina.msh.Material136
		tat2_bldg_cantina.msh.Material144
		yav_bldg_bazaar.msh.Material52
		yav_bldg_controlroom.msh.Material18
		yav_bldg_controlroom.msh.Material20
		yav_bldg_controlroom.msh.Material22
		yav_bldg_controlroom.msh.Material24
		yav_bldg_controlroom.msh.Material63
		yav_bldg_greattemple_contents.msh.Material4
		yav_bldg_greattemple_contents.msh.Material6
		yav_bldg_greattemple_contents.msh.Material15
		yav_bldg_greattemple_contents.msh.Material25
		yav_bldg_greattemple_contents.msh.Material29
		yav_bldg_greattemple_contents.msh.Material59
		yav_bldg_greattemple_contents.msh.Material107
		yav_prop_Waterfall.msh.Material7
		yav_prop_Waterfall.msh.Material11
		yav_prop_Waterfall.msh.Material15


INFO: RenderType 4 (specular) used by: 
		bes1_bldg_main01.msh.Material2
		bes1_bldg_main01.msh.Material5
		bes2_bldg_chamber.msh.Scene_Material35
		bes2_bldg_chamber_exit.msh.Scene_Material48
		geo_bldg_technounion.msh.Material10
		kam_bldg_AAA_bridge.msh.Material1
		kam_bldg_AAA_bridge.msh.Material4
		kam_bldg_AAA_bridge.msh.Material5
		kam_bldg_AAA_bridge.msh.Material7
		kam_bldg_AAA_bridge.msh.Material8
		kam_bldg_AAA_bridge.msh.Material11
		kam_bldg_antenna.msh.Material1
		kam_bldg_bridge1.msh.Material1
		kam_bldg_bridge1.msh.Material4
		kam_bldg_bridge1.msh.Material7
		kam_bldg_bridge1.msh.Material13
		kam_bldg_bridge2.msh.Material1
		kam_bldg_bridge2.msh.Material3
		kam_bldg_bridge2.msh.Material5
		kam_bldg_bridge2.msh.Material13
		kam_bldg_bridge3.msh.Material1
		kam_bldg_bridge3.msh.Material3
		kam_bldg_bridge3.msh.Material21
		kam_bldg_bridge3.msh.Material28
		kam_bldg_bridge4.msh.Material1
		kam_bldg_bridge4.msh.Material3
		kam_bldg_bridge4.msh.Material22
		kam_bldg_bunker1.msh.Material1
		kam_bldg_bunker1.msh.Material10
		kam_bldg_bunker1.msh.Material13
		kam_bldg_bunker1.msh.Material16
		kam_bldg_bunker1.msh.Material20
		kam_bldg_bunker1.msh.Material22
		kam_bldg_landplatform1.msh.Material2
		kam_bldg_landplatform1.msh.Material5
		kam_bldg_landplatform1.msh.Material7
		kam_bldg_landplatform1.msh.Material11
		kam_bldg_mushplatform1.msh.Material3
		kam_bldg_mushplatform1.msh.Material5
		kam_bldg_mushplatform1.msh.Material7
		kam_bldg_mushplatform2.msh.Scene_Material1
		kam_bldg_mushplatform3.msh.Scene_Material1
		kam_bldg_pod1.msh.Material2
		kam_bldg_pod2.msh.Material1
		kam_bldg_pod2.msh.Material3
		kam_bldg_pod2.msh.Material5
		kam_bldg_ramp1.msh.Material1
		kam_bldg_ramp1.msh.Material4
		kam_bldg_ramp1.msh.Material7
		kam_bldg_ramp1.msh.Material11
		kam_bldg_ramp1.msh.Material13
		kam_bldg_ramp2.msh.Material1
		kam_bldg_ramp2.msh.Material3
		kam_bldg_ramp2.msh.Material27
		kam_bldg_ramp2.msh.Material33
		kam_bldg_ramp3.msh.Material1
		kam_bldg_ramp3.msh.Material3
		kam_bldg_ramp3.msh.Material25
		kam_bldg_ramp3.msh.Material31
		kam_bldg_ramp3.msh.Material33
		kam_bldg_tower1.msh.Material1
		kam_prop_crate.msh.Material1
		kam_prop_pillar.msh.Material1
		kam_prop_pillar2.msh.Material2
		kas2_prop_tech_pillar_1.msh.Material2
		kas2_prop_tech_pillar_2.msh.Material2
		fambaa_shield.msh.Material1
		nab2_bldg_rotunda_bridge.msh.Material13
		nab2_prop_spire_1.msh.Material3
		rep_hover_gianspeeder_chunk1.msh.Material2
		rep_hover_gianspeeder_chunk2.msh.Material1
		rep_hover_gianspeeder_chunk3.msh.Material1
		rep_hover_gianspeeder_chunk4.msh.Material1
		rep_hover_gian_speeder.msh.Material1
		rhn1_bldg_citadel_06.msh.Material1
		rhn1_prop_tunnel_cross.msh.Material1
		Rhn1_prop_tunnel_entrance.msh.Material5
		rhn1_prop_tunnel_entrance_2.msh.Material5
		rhn1_prop_tunnel_height.msh.Material1
		rhn1_prop_tunnel_special_01.msh.Material1
		rhn1_prop_tunnel_straight_1.msh.Material1
		rhn1_prop_tunnel_straight_5.msh.Material1
		rhn1_prop_tunnel_straight_6.msh.Material1
		rhn1_prop_tunnel_t.msh.Material1
		rhn1_prop_tunnel_turn.msh.Material1
		tat2_bldg_cantina.msh.Material73
		tat2_bldg_cantina.msh.Material75
		yav_bldg_column.msh.Material1
		yav_bldg_ruins_column1.msh.Material1
		yav_bldg_ruins_column2.msh.Material1


INFO: RenderType 5 (glossmap) used by: 
		


INFO: RenderType 6 (chrome) used by: 
		


INFO: RenderType 7 (animated) used by: 
		


INFO: RenderType 8 (ice) used by: 
		


INFO: RenderType 9 (sky) used by: 
		


INFO: RenderType 10 (water) used by: 
		


INFO: RenderType 11 (lightmap) used by: 
		end_prop_trunk04.msh.Scene_Material11
		HOTH_bldg_hangar_entry.msh.Material16
		HOTH_Prop_trench_short.msh.Material1


INFO: RenderType 12 (2scroll) used by: 
		


INFO: RenderType 13 (rotate) used by: 
		


INFO: RenderType 14 (glow rotate) used by: 
		


INFO: RenderType 15 (planar reflection) used by: 
		


INFO: RenderType 16 (glow scroll) used by: 
		


INFO: RenderType 17 (glow 2 scroll) used by: 
		


INFO: RenderType 18 (curved reflection) used by: 
		


INFO: RenderType 19 (normalmap fade) used by: 
		


INFO: RenderType 20 (normalmap inv fade) used by: 
		


INFO: RenderType 21 (ice reflection) used by: 
		


INFO: RenderType 22 (ice refraction) used by: 
		Rhn1_prop_tunnel_entrance.msh.Material3
		rhn1_prop_tunnel_entrance_2.msh.Material3
		rhn1_prop_tunnel_height.msh.Material3
		rhn1_prop_tunnel_special_01.msh.Material3
		rhn1_prop_tunnel_special_01.msh.Material8
		rhn1_prop_tunnel_stalactite_2.msh.Material1
		rhn1_prop_tunnel_stalactite_5.msh.Material1
		rhn1_prop_tunnel_stalactite_5.msh.Material3
		rhn1_prop_tunnel_straight_5.msh.Material3
		rhn1_prop_tunnel_straight_6.msh.Material3
		rhn1_prop_tunnel_t.msh.Material3
		rhn1_prop_tunnel_turn.msh.Material3
		Rhn_bldg_obs_icewall.msh.Material1
		Rhn_bldg_obs_ice_wall.msh.Material1
		Rhn_bldg_ruin_Cathedralice_1.msh.Material1
		Rhn_bldg_ruin_Cathedralice_2.msh.Material1


INFO: RenderType 23 (emboss) used by: 
		


INFO: RenderType 24 (wireframe) used by: 
		


INFO: RenderType 25 (energy) used by: 
		


INFO: RenderType 26 (afterburner) used by: 
		


INFO: RenderType 27 (bumpmap) used by: 
		bes2_bldg_clock_tower.msh.Scene_Material1
		bes2_bldg_courtyard_bench.msh.Material1
		end_prop_boulder.msh.Material1
		end_prop_boulder.msh.Material3
		end_prop_tree01.msh.Material1
		end_prop_tree01.msh.Material3
		end_prop_tree02.msh.Material1
		end_prop_tree04.msh.Material1
		end_prop_trunk01.msh.Material1
		end_prop_trunk02.msh.Scene_Material1
		end_prop_trunk02.msh.Scene_Material5
		end_prop_trunk03.msh.Scene_Material1
		end_prop_trunk03.msh.Scene_Material5
		end_prop_trunk04.msh.Scene_Material1
		end_prop_trunk04.msh.Scene_Material3
		end_prop_trunk04.msh.Scene_Material5
		end_prop_trunk05.msh.Material1
		end_prop_trunk05.msh.Material3
		Rhn_bldg_catacombs_wall.msh.Material1
		Rhn_bldg_ceiling_tile.msh.Material1
		Rhn_bldg_damagedwall_01.msh.Material1
		Rhn_bldg_floor_tile.msh.Material1
		Rhn_bldg_ruin_14.msh.Material1
		Rhn_bldg_ruin_14.msh.Material3
		Rhn_bldg_ruin_Rotunda.msh.Material1
		Rhn_bldg_ruin_Rotunda.msh.Material3
		Rhn_bldg_ruin_Rotunda_upper.msh.Material1
		Rhn_bldg_ruin_Rotunda_upper.msh.Material3
		Rhn_bldg_ruin_Rotunda_upper.msh.Material5
		Rhn_bldg_ruin_Rotunda_upper.msh.Material7
		rhn_bldg_wall_facade14.msh.Material1
		rhn_bldg_wall_facade15.msh.Material1
		rhn_bldg_wall_facade15.msh.Material3
		tat2_bldg_jawa_junky.msh.Scene_Material33
		tat2_bldg_jawa_junky.msh.Scene_Material35
		tat2_prop_prop1.msh.Scene_Material1
		tat2_prop_prop3.msh.Material1
		tat2_prop_prop4.msh.Material1


INFO: RenderType 28 (bumpmap + glossmap) used by: 
		kam_prop_antiaircraft.msh.Scene_Material2
		end_bldg_bunker.msh.Material1
		geo_bldg_geoturret.msh.Material3
		geo_bldg_geoturret.msh.Scene_Material1
		geo_bldg_geoturret.msh.Material31
		kas2_bldg_platform_1.msh.Material7
		tat2_bldg_crashed_spaceship.msh.Scene_Material9
		tat2_bldg_small2.msh.Material11
		tat2_prop_prop1.msh.Scene_Material3
		tat_bldg_barge.msh.Material23
		tat_bldg_barge.msh.Scene_Material14


INFO: RenderType 29 (teleportal) used by: 
		


INFO: RenderType 30 (multistate) used by: 
		


INFO: RenderType 31 (shield) used by: 
		


INFO: ------------- Walking "SWBF_ModTools/BFBuilder/Assets/Sides". -------------
INFO: RenderType 0 (normal) used by: 
		


INFO: RenderType 1 (glow) used by: 
		rep_1st_cockpit_ATTE.msh.Material10


INFO: RenderType 2 (detail) used by: 
		


INFO: RenderType 3 (scrolling) used by: 
		all_1st_cockpit_cloudcar.msh.Material6
		all_1st_cockpit_cloudcar.msh.Material8
		all_1st_cockpit_cloudcar.msh.Material10
		all_1st_cockpit_cloudcar.msh.Material12
		all_1st_cockpit_combatspeeder.msh.Material4
		all_1st_cockpit_combatspeeder.msh.Material6
		all_1st_cockpit_combatspeeder.msh.Material10
		all_1st_cockpit_combatspeeder.msh.Material12
		all_1st_cockpit_combatspeeder.msh.Material14
		all_1st_cockpit_combatspeeder.msh.Material16
		all_1st_cockpit_combatspeedergnr.msh.Material12
		all_1st_cockpit_combatspeedergnr.msh.Material14
		all_1st_cockpit_combatspeedergnr.msh.Material18
		all_1st_cockpit_combatspeedergnr.msh.Material20
		all_1st_cockpit_combatspeedergnr.msh.Material22
		all_1st_cockpit_combatspeedergnr.msh.Material24
		all_1st_cockpit_combatspeedergnr.msh.Material26
		all_1st_cockpit_hovernaught.msh.Material4
		all_1st_cockpit_hovernaught.msh.Material6
		all_1st_cockpit_hovernaught.msh.Material8
		all_1st_cockpit_hovernaught.msh.Material15
		all_1st_cockpit_hovernaught.msh.Material17
		all_1st_cockpit_hovernaught.msh.Material19
		all_1st_cockpit_hovernaught.msh.Material21
		all_1st_cockpit_hovernaught.msh.Material23
		all_1st_cockpit_hovernaught.msh.Material25
		all_1st_cockpit_hovernaught.msh.Material27
		all_1st_cockpit_snowspeeder.msh.Material10
		all_1st_cockpit_snowspeeder.msh.Material12
		all_1st_cockpit_snowspeeder.msh.Material14
		all_1st_cockpit_snowspeeder.msh.Material18
		all_1st_cockpit_snowspeeder.msh.Material20
		all_1st_cockpit_snowspeeder.msh.Material22
		all_1st_cockpit_snowspeeder.msh.Material26
		all_1st_cockpit_snowspeeder.msh.Material28
		all_1st_cockpit_xwing.msh.Material16
		all_1st_cockpit_xwing.msh.Material18
		all_1st_cockpit_xwing.msh.Material20
		all_1st_cockpit_xwing.msh.Material24
		all_1st_cockpit_xwing.msh.Material26
		all_1st_cockpit_xwing.msh.Material28
		all_1st_cockpit_ywing.msh.Material10
		all_1st_cockpit_ywing.msh.Material12
		all_1st_cockpit_ywing.msh.Material14
		all_1st_cockpit_ywing.msh.Material17
		all_1st_cockpit_ywing.msh.Material19
		all_1st_cockpit_ywing.msh.Material21
		all_1st_cockpit_ywing.msh.Material23
		all_1st_cockpit_ywing.msh.Material25
		all_1st_cockpit_ywing.msh.Material27
		all_1st_cockpit_ywing.msh.Material31
		all_1st_cockpit_ywing.msh.Material33
		all_1st_cockpit_ywing.msh.Material41
		all_1st_weap_inf_fusioncutter.msh.Material9
		all_bldg_forwardcenter.msh.Material30
		all_bldg_forwardcenter.msh.Material38
		cis_1st_cockpit_AAT.msh.Material4
		cis_1st_cockpit_AAT.msh.Material6
		cis_1st_cockpit_hailfiredroid.msh.Material6
		cis_1st_cockpit_hailfiredroid.msh.Material8
		cis_1st_cockpit_MTT.msh.Material7
		cis_1st_cockpit_MTT.msh.Material9
		cis_1st_cockpit_MTT.msh.Material11
		cis_1st_cockpit_MTT.msh.Material13
		cis_1st_cockpit_MTT.msh.Material15
		cis_1st_cockpit_MTT.msh.Material17
		cis_1st_cockpit_MTT.msh.Material19
		cis_1st_cockpit_MTT.msh.Material25
		cis_1st_cockpit_MTT.msh.Material27
		cis_1st_cockpit_securitycam.msh.Material3
		cis_1st_cockpit_starfighter.msh.Material5
		cis_1st_cockpit_starfighter.msh.Material9
		cis_1st_cockpit_starfighter.msh.Material11
		cis_1st_cockpit_starfighter.msh.Material13
		cis_1st_cockpit_starfighter.msh.Material17
		cis_1st_weap_inf_fusioncutter.msh.Material9
		cis_1st_weap_inf_launcher.msh.Material3
		cis_1st_weap_inf_sniperrifle.msh.Material7
		imp_1st_cockpit_ATAT.msh.Material14
		imp_1st_cockpit_ATAT.msh.Material16
		imp_1st_cockpit_ATAT.msh.Material21
		imp_1st_cockpit_ATAT.msh.Material23
		imp_1st_cockpit_ATAT.msh.Material27
		imp_1st_cockpit_ATAT.msh.Material29
		imp_1st_cockpit_ATATgnr.msh.Material12
		imp_1st_cockpit_ATATgnr.msh.Material14
		imp_1st_cockpit_ATATgnr.msh.Material19
		imp_1st_cockpit_ATATgnr.msh.Material25
		imp_1st_cockpit_ATATgnr.msh.Material27
		imp_1st_cockpit_ATATgnr.msh.Material29
		imp_1st_cockpit_ATATgnr.msh.Material34
		imp_1st_cockpit_ATATgnr.msh.Material36
		imp_1st_cockpit_ATATgnr.msh.Material38
		imp_1st_cockpit_ATST.msh.Material19
		imp_1st_cockpit_ATST.msh.Material21
		imp_1st_cockpit_ATST.msh.Material23
		imp_1st_cockpit_ATSTgnr.msh.Material20
		imp_1st_cockpit_fightertank.msh.Material3
		imp_1st_cockpit_fightertank.msh.Material5
		imp_1st_cockpit_fightertank.msh.Material17
		imp_1st_cockpit_landingcraft.msh.Material8
		imp_1st_cockpit_landingcraft.msh.Material10
		imp_1st_cockpit_securitycam.msh.Material4
		imp_1st_cockpit_securitycam.msh.Material6
		imp_1st_cockpit_securitycam.msh.Material8
		imp_1st_cockpit_speederbike.msh.Material22
		imp_1st_cockpit_tiebomber.msh.Material5
		imp_1st_cockpit_tiebomber.msh.Material20
		imp_1st_cockpit_tiefighter.msh.Material5
		imp_1st_cockpit_tiefighter.msh.Material8
		imp_1st_cockpit_tiefighter.msh.Material10
		imp_1st_cockpit_tiefighter.msh.Material27
		imp_1st_cockpit_tiefighter.msh.Material29
		imp_1st_cockpit_tiefighter.msh.Material31
		imp_1st_cockpit_tiefighter.msh.Material33
		imp_1st_weap_inf_fusioncutter.msh.Material9
		imp_bldg_forwardcenter.msh.Material79
		imp_bldg_forwardcenter.msh.Material80
		imp_bldg_forwardcenter.msh.Material82
		imp_bldg_forwardcenter.msh.Material84
		imp_bldg_forwardcenter.msh.Material91
		imp_bldg_forwardcenter.msh.Material147
		imp_bldg_forwardcenter.msh.Material203
		imp_bldg_forwardcenter.msh.Material257
		imp_bldg_forwardcenter.msh.Material263
		imp_bldg_forwardcenter.msh.Material273
		imp_bldg_forwardcenter.msh.Material281
		imp_bldg_forwardcenter.msh.Material283
		rep_1st_cockpit_ATTE.msh.Material13
		rep_1st_cockpit_ATTE.msh.Material15
		rep_1st_cockpit_ATTE.msh.Material17
		rep_1st_cockpit_ATXT.msh.Material9
		rep_1st_cockpit_ATXT.msh.Material11
		rep_1st_cockpit_ATXT.msh.Material13
		rep_1st_cockpit_ATXT.msh.Material15
		rep_1st_cockpit_ATXT.msh.Material17
		rep_1st_cockpit_ATXT.msh.Material19
		rep_1st_cockpit_combatspeeder.msh.Material6
		rep_1st_cockpit_combatspeeder.msh.Material8
		rep_1st_cockpit_combatspeeder.msh.Material12
		rep_1st_cockpit_combatspeeder.msh.Material14
		rep_1st_cockpit_combatspeeder.msh.Material16
		rep_1st_cockpit_combatspeeder.msh.Material18
		rep_1st_cockpit_fightertank.msh.Material3
		rep_1st_cockpit_fightertank.msh.Material5
		rep_1st_cockpit_fightertank.msh.Material7
		rep_1st_cockpit_fightertank.msh.Material9
		rep_1st_cockpit_gunship.msh.Material23
		rep_1st_cockpit_gunship.msh.Material25
		rep_1st_cockpit_gunship.msh.Material27
		rep_1st_cockpit_gunshipgnr.msh.Material17
		rep_1st_cockpit_jedistarfighter.msh.Material9
		rep_1st_cockpit_jedistarfighter.msh.Material11
		rep_1st_cockpit_securitycam.msh.Material5
		rep_1st_cockpit_securitycam.msh.Material7
		rep_1st_cockpit_securitycam.msh.Material9
		rep_1st_cockpit_speederbike.msh.Material22
		rep_1st_weap_inf_fusioncutter.msh.Material9
		rep_1st_weap_inf_pistol.msh.Material26
		rep_1st_weap_inf_rifle.msh.Material15
		rep_1st_weap_inf_rifle.msh.Material17
		rep_bldg_forwardcenter.msh.Material36
		rep_weap_inf_fusioncutter.msh.Material9


INFO: RenderType 4 (specular) used by: 
		all_1st_cockpit_combatspeedergnr.msh.Material6
		all_1st_weap_inf_bowcaster.msh.Material1
		all_1st_weap_inf_bowcaster.msh.Material3
		all_1st_weap_inf_bowcaster.msh.Material23
		all_1st_weap_inf_launcher.msh.Material3
		all_hover_combatspeeder.msh.Material1
		all_hover_combatspeeder_chunk1.msh.Material2
		all_hover_combatspeeder_chunk2.msh.Material1
		all_hover_combatspeeder_chunk3.msh.Material1
		all_hover_combatspeeder_chunk4.msh.Material1
		all_hover_rebel_attack_speeder_chunk1.msh.Material2
		all_hover_rebel_attack_speeder_chunk2.msh.Material1
		all_hover_rebel_attack_speeder_chunk3.msh.Material1
		all_hover_rebel_attack_speeder_chunk4.msh.Material1
		all_weap_inf_seeker.msh.Material1
		all_weap_inf_seeker.msh.Material25
		cis_1st_bdroid.msh.Material11
		cis_1st_bdroid.msh.Material3
		cis_1st_droideka.msh.Material5
		cis_1st_sbdroid.msh.Material2
		cis_1st_weap_inf_pistol.msh.Material11
		cis_inf_bdroid.msh.Material1
		cis_inf_sbdroid.msh.Material2
		cis_weap_inf_sniperrifle.msh.Material2
		gar_hover_combatspeeder.msh.Material1
		gar_hover_combatspeeder_chunk1.msh.Material2
		gar_hover_combatspeeder_chunk2.msh.Material1
		gar_hover_combatspeeder_chunk3.msh.Material1
		gar_hover_combatspeeder_chunk4.msh.Material1
		gun_weap_inf_grenadethermal.msh.Material1
		gun_weap_inf_grenadethermal_ord.msh.Material1
		imp_1st_darktrooper.msh.Material7
		imp_inf_darktrooper.msh.Material1
		imp_inf_darktrooper.msh.Material5
		rep_1st_weap_inf_launcher.msh.Material1
		rep_1st_weap_inf_launcher.msh.Material7
		rep_1st_weap_inf_sniperrifle.msh.Material7
		rep_hover_combatspeeder.msh.Material1
		rep_weap_inf_pistol.msh.Material11


INFO: RenderType 5 (glossmap) used by: 
		


INFO: RenderType 6 (chrome) used by: 
		


INFO: RenderType 7 (animated) used by: 
		


INFO: RenderType 8 (ice) used by: 
		


INFO: RenderType 9 (sky) used by: 
		


INFO: RenderType 10 (water) used by: 
		


INFO: RenderType 11 (lightmap) used by: 
		


INFO: RenderType 12 (2scroll) used by: 
		


INFO: RenderType 13 (rotate) used by: 
		


INFO: RenderType 14 (glow rotate) used by: 
		


INFO: RenderType 15 (planar reflection) used by: 
		


INFO: RenderType 16 (glow scroll) used by: 
		


INFO: RenderType 17 (glow 2 scroll) used by: 
		


INFO: RenderType 18 (curved reflection) used by: 
		


INFO: RenderType 19 (normalmap fade) used by: 
		


INFO: RenderType 20 (normalmap inv fade) used by: 
		


INFO: RenderType 21 (ice reflection) used by: 
		


INFO: RenderType 22 (ice refraction) used by: 
		


INFO: RenderType 23 (emboss) used by: 
		


INFO: RenderType 24 (wireframe) used by: 
		


INFO: RenderType 25 (energy) used by: 
		


INFO: RenderType 26 (afterburner) used by: 
		


INFO: RenderType 27 (bumpmap) used by: 
		


INFO: RenderType 28 (bumpmap + glossmap) used by: 
		all_1st_weap_inf_launcher.msh.Material1
		all_1st_weap_inf_pistol.msh.Material1
		all_1st_weap_inf_pistol.msh.Material3
		all_1st_weap_inf_rifle.msh.Material1
		all_1st_weap_inf_rifle.msh.Material5
		all_1st_weap_inf_seeker.msh.Material1
		all_1st_weap_inf_seeker.msh.Material25
		all_1st_weap_inf_sniperrifle.msh.Material1
		all_1st_weap_inf_sniperrifle.msh.Material5
		cis_1st_weap_inf_launcher.msh.Material1
		cis_1st_weap_inf_pistol.msh.Material1
		cis_1st_weap_inf_rifle.msh.Material1
		cis_1st_weap_inf_sniperrifle.msh.Material1
		imp_1st_weap_inf_launcher.msh.Material1
		imp_1st_weap_inf_pistol.msh.Material1
		imp_1st_weap_inf_pistol.msh.Material3
		imp_1st_weap_inf_rifle.msh.Material1
		imp_1st_weap_inf_rifle.msh.Material15
		imp_1st_weap_inf_rifle.msh.Material27
		imp_1st_weap_inf_rifle.msh.Material31
		imp_1st_weap_inf_sniperrifle.msh.Material1
		imp_1st_weap_inf_sniperrifle.msh.Material7
		rep_1st_weap_inf_pistol.msh.Material1
		rep_1st_weap_inf_rifle.msh.Material1
		rep_1st_weap_inf_sniperrifle.msh.Material1


INFO: RenderType 29 (teleportal) used by: 
		


INFO: RenderType 30 (multistate) used by: 
		


INFO: RenderType 31 (shield) used by: 
		


INFO: ------------- Walking "SWBF2_ModTools/assets/sides". -------------
INFO: RenderType 0 (normal) used by: 
		


INFO: RenderType 1 (glow) used by: 
		rep_1st_cockpit_atte.msh.Material10


INFO: RenderType 2 (detail) used by: 
		


INFO: RenderType 3 (scrolling) used by: 
		all_1st_cockpit_cloudcar.msh.Material6
		all_1st_cockpit_cloudcar.msh.Material8
		all_1st_cockpit_cloudcar.msh.Material10
		all_1st_cockpit_cloudcar.msh.Material12
		all_1st_cockpit_combatspeeder.msh.Material4
		all_1st_cockpit_combatspeeder.msh.Material6
		all_1st_cockpit_combatspeeder.msh.Material10
		all_1st_cockpit_combatspeeder.msh.Material12
		all_1st_cockpit_combatspeeder.msh.Material14
		all_1st_cockpit_combatspeeder.msh.Material16
		all_1st_cockpit_combatspeedergnr.msh.Material12
		all_1st_cockpit_combatspeedergnr.msh.Material14
		all_1st_cockpit_combatspeedergnr.msh.Material18
		all_1st_cockpit_combatspeedergnr.msh.Material20
		all_1st_cockpit_combatspeedergnr.msh.Material22
		all_1st_cockpit_combatspeedergnr.msh.Material24
		all_1st_cockpit_combatspeedergnr.msh.Material26
		all_1st_cockpit_snowspeeder.msh.Material10
		all_1st_cockpit_snowspeeder.msh.Material12
		all_1st_cockpit_snowspeeder.msh.Material14
		all_1st_cockpit_snowspeeder.msh.Material18
		all_1st_cockpit_snowspeeder.msh.Material20
		all_1st_cockpit_snowspeeder.msh.Material22
		all_1st_cockpit_snowspeeder.msh.Material26
		all_1st_cockpit_snowspeeder.msh.Material28
		all_1st_cockpit_ywing.msh.Material10
		all_1st_cockpit_ywing.msh.Material12
		all_1st_cockpit_ywing.msh.Material14
		all_1st_cockpit_ywing.msh.Material17
		all_1st_cockpit_ywing.msh.Material19
		all_1st_cockpit_ywing.msh.Material21
		all_1st_cockpit_ywing.msh.Material23
		all_1st_cockpit_ywing.msh.Material25
		all_1st_cockpit_ywing.msh.Material27
		all_1st_cockpit_ywing.msh.Material31
		all_1st_cockpit_ywing.msh.Material33
		all_1st_cockpit_ywing.msh.Material41
		all_1st_cockpit_xwing.msh.Material16
		all_1st_cockpit_xwing.msh.Material18
		all_1st_cockpit_xwing.msh.Material20
		all_1st_cockpit_xwing.msh.Material24
		all_1st_cockpit_xwing.msh.Material26
		all_1st_cockpit_xwing.msh.Material28
		all_1st_weap_inf_fusioncutter.msh.Material9
		cis_1st_cockpit_hailfiredroid.msh.Material6
		cis_1st_cockpit_hailfiredroid.msh.Material8
		cis_1st_cockpit_starfighter.msh.Material5
		cis_1st_cockpit_starfighter.msh.Material7
		cis_1st_cockpit_starfighter.msh.Material11
		cis_1st_cockpit_starfighter.msh.Material15
		cis_1st_cockpit_aat.msh.Material4
		cis_1st_cockpit_aat.msh.Material6
		cis_1st_cockpit_securitycam.msh.Material3
		cis_1st_weap_inf_fusioncutter.msh.Material9
		cis_1st_weap_inf_launcher.msh.Material3
		cis_1st_weap_inf_sniperrifle.msh.Material7
		com_weap_inf_dropturret.msh.Material1
		com_weap_inf_dropturret.msh.Material3
		des_1st_weap_inf_fusioncutter.msh.Material9
		ewk_1st_weap_inf_fusioncutter.msh.Material9
		imp_1st_cockpit_atatgnr.msh.Material12
		imp_1st_cockpit_atatgnr.msh.Material14
		imp_1st_cockpit_atatgnr.msh.Material19
		imp_1st_cockpit_atatgnr.msh.Material25
		imp_1st_cockpit_atatgnr.msh.Material27
		imp_1st_cockpit_atatgnr.msh.Material29
		imp_1st_cockpit_atatgnr.msh.Material34
		imp_1st_cockpit_atatgnr.msh.Material36
		imp_1st_cockpit_atatgnr.msh.Material38
		imp_1st_cockpit_atst.msh.Material19
		imp_1st_cockpit_atst.msh.Material21
		imp_1st_cockpit_atst.msh.Material23
		imp_1st_cockpit_atstgnr.msh.Material20
		imp_1st_cockpit_fightertank.msh.Material3
		imp_1st_cockpit_fightertank.msh.Material5
		imp_1st_cockpit_fightertank.msh.Material17
		imp_1st_cockpit_landingcraft.msh.Material8
		imp_1st_cockpit_landingcraft.msh.Material10
		imp_1st_cockpit_securitycam.msh.Material4
		imp_1st_cockpit_securitycam.msh.Material6
		imp_1st_cockpit_securitycam.msh.Material8
		imp_1st_cockpit_speederbike.msh.Material22
		imp_1st_cockpit_tiebomber.msh.Material5
		imp_1st_cockpit_tiebomber.msh.Material20
		imp_1st_cockpit_atat.msh.Material14
		imp_1st_cockpit_atat.msh.Material16
		imp_1st_cockpit_atat.msh.Material21
		imp_1st_cockpit_atat.msh.Material23
		imp_1st_cockpit_atat.msh.Material27
		imp_1st_cockpit_atat.msh.Material29
		imp_1st_cockpit_tiefighter.msh.Material5
		imp_1st_cockpit_tiefighter.msh.Material8
		imp_1st_cockpit_tiefighter.msh.Material10
		imp_1st_cockpit_tiefighter.msh.Material27
		imp_1st_cockpit_tiefighter.msh.Material29
		imp_1st_cockpit_tiefighter.msh.Material31
		imp_1st_cockpit_tiefighter.msh.Material33
		imp_1st_weap_inf_fusioncutter.msh.Material9
		rep_1st_cockpit_combatspeeder.msh.Material6
		rep_1st_cockpit_combatspeeder.msh.Material8
		rep_1st_cockpit_combatspeeder.msh.Material12
		rep_1st_cockpit_combatspeeder.msh.Material14
		rep_1st_cockpit_combatspeeder.msh.Material16
		rep_1st_cockpit_combatspeeder.msh.Material18
		rep_1st_cockpit_gunshipgnr.msh.Material17
		rep_1st_cockpit_jedistarfighter.msh.Material12
		rep_1st_cockpit_jedistarfighter.msh.Material14
		rep_1st_cockpit_speederbike.msh.Material22
		rep_bldg_forwardcenter.msh.Material36
		rep_weap_inf_fusioncutter.msh.Material9
		rep_1st_cockpit_atte.msh.Material13
		rep_1st_cockpit_atte.msh.Material15
		rep_1st_cockpit_atte.msh.Material17
		rep_1st_cockpit_fightertank.msh.Material3
		rep_1st_cockpit_fightertank.msh.Material5
		rep_1st_cockpit_fightertank.msh.Material7
		rep_1st_cockpit_fightertank.msh.Material9
		rep_1st_cockpit_gunship.msh.Material23
		rep_1st_cockpit_gunship.msh.Material25
		rep_1st_cockpit_gunship.msh.Material27
		rep_1st_cockpit_securitycam.msh.Material5
		rep_1st_cockpit_securitycam.msh.Material7
		rep_1st_cockpit_securitycam.msh.Material9
		rep_1st_weap_inf_fusioncutter.msh.Material9
		rep_1st_weap_inf_pistol.msh.Material26
		rep_1st_weap_inf_rifle.msh.Material15
		rep_1st_weap_inf_rifle.msh.Material17
		com_icon_turret.msh.Material1
		wok_1st_weap_inf_fusioncutter.msh.Material9


INFO: RenderType 4 (specular) used by: 
		all_1st_cockpit_combatspeedergnr.msh.Material6
		all_1st_weap_inf_bowcaster.msh.Material1
		all_1st_weap_inf_bowcaster.msh.Material3
		all_1st_weap_inf_bowcaster.msh.Material23
		all_hover_combatspeeder.msh.Material1
		all_hover_combatspeeder_chunk1.msh.Material2
		all_hover_combatspeeder_chunk2.msh.Material1
		all_hover_combatspeeder_chunk3.msh.Material1
		all_hover_combatspeeder_chunk4.msh.Material1
		all_hover_rebel_attack_speeder_chunk1.msh.Material2
		all_hover_rebel_attack_speeder_chunk2.msh.Material1
		all_hover_rebel_attack_speeder_chunk3.msh.Material1
		all_hover_rebel_attack_speeder_chunk4.msh.Material1
		all_weap_inf_seeker.msh.Material1
		all_weap_inf_seeker.msh.Material25
		all_1st_weap_inf_launcher.msh.Material3
		cis_1st_bdroid.msh.Material11
		cis_1st_bdroid.msh.Material3
		cis_inf_bdroid.msh.Material1
		cis_inf_jangofett.msh.Material171
		cis_inf_jangofett.msh.Material181
		cis_inf_sbdroid.msh.Material1
		cis_1st_droideka.msh.Material5
		cis_1st_sbdroid.msh.Material2
		cis_1st_weap_inf_pistol.msh.Material11
		cis_weap_inf_sniperrifle.msh.Material2
		gam_inf_gamorreanguard.msh.Material11
		gar_hover_combatspeeder.msh.Material1
		gar_hover_combatspeeder_chunk1.msh.Material2
		gar_hover_combatspeeder_chunk2.msh.Material1
		gar_hover_combatspeeder_chunk3.msh.Material1
		gar_hover_combatspeeder_chunk4.msh.Material1
		gun_weap_inf_grenadethermal.msh.Material1
		gun_weap_inf_grenadethermal_ord.msh.Material1
		imp_inf_bobafett.msh.Material131
		imp_inf_bobafett.msh.Material121
		imp_inf_darktrooper.msh.Material11
		imp_inf_darktrooper.msh.Material1
		imp_1st_darktrooper.msh.Material7
		rep_1st_weap_inf_launcher.msh.Material1
		rep_1st_weap_inf_launcher.msh.Material7
		rep_hover_combatspeeder.msh.Material1
		rep_1st_weap_inf_sniperrifle.msh.Material7
		rep_weap_inf_pistol.msh.Material11
		kam_bldg_aaa_bridge.msh.Material1
		kam_bldg_aaa_bridge.msh.Material4
		kam_bldg_aaa_bridge.msh.Material5
		kam_bldg_aaa_bridge.msh.Material7
		kam_bldg_aaa_bridge.msh.Material8
		kam_bldg_aaa_bridge.msh.Material11
		kam_bldg_antenna.msh.Material1


INFO: RenderType 5 (glossmap) used by: 
		


INFO: RenderType 6 (chrome) used by: 
		all_inf_tantive4trooper.msh.Material171


INFO: RenderType 7 (animated) used by: 
		


INFO: RenderType 8 (ice) used by: 
		


INFO: RenderType 9 (sky) used by: 
		


INFO: RenderType 10 (water) used by: 
		


INFO: RenderType 11 (lightmap) used by: 
		


INFO: RenderType 12 (2scroll) used by: 
		


INFO: RenderType 13 (rotate) used by: 
		


INFO: RenderType 14 (glow rotate) used by: 
		


INFO: RenderType 15 (planar reflection) used by: 
		


INFO: RenderType 16 (glow scroll) used by: 
		


INFO: RenderType 17 (glow 2 scroll) used by: 
		


INFO: RenderType 18 (curved reflection) used by: 
		


INFO: RenderType 19 (normalmap fade) used by: 
		


INFO: RenderType 20 (normalmap inv fade) used by: 
		


INFO: RenderType 21 (ice reflection) used by: 
		


INFO: RenderType 22 (ice refraction) used by: 
		all_1st_bothanspy.msh.Material31
		all_1st_bothanspy.msh.Material41
		all_inf_bothanspy.msh.Material151


INFO: RenderType 23 (emboss) used by: 
		


INFO: RenderType 24 (wireframe) used by: 
		


INFO: RenderType 25 (energy) used by: 
		imp_inf_darthvader.msh.Material3
		imp_inf_darthvader.msh.Material4


INFO: RenderType 26 (afterburner) used by: 
		


INFO: RenderType 27 (bumpmap) used by: 
		all_fly_snowspeeder.msh.Material151
		all_hover_tank.msh.Material1111
		all_hover_tank.msh.Material1121
		all_hover_tank.msh.Material1111
		all_hover_tank.msh.Material1121
		cis_hover_aat.msh.Material1
		cis_hover_stap.msh.Material662
		cis_hover_stap.msh.Material121
		cis_tread_tank.msh.Material421
		cis_tread_hailfire.msh.Material151
		cis_walk_spider.msh.Material31
		imp_hover_fightertank.msh.Material191
		imp_hover_speederbike.msh.Material81
		imp_walk_atat.msh.Material1
		rep_hover_barcspeeder.msh.Material1
		rep_hover_fightertank.msh.Material191
		rep_walk_oneman_atst.msh.Material131
		antiaircraft_chunk4.msh.Material752
		fel1_weap_prop_turret.msh.Material551
		fel1_weap_prop_turret.msh.Material5533
		geo_bldg_geoturret.msh.Material271
		hoth_bldg_dish_turret.msh.Material361
		hoth_bldg_hoth_turret.msh.Material21
		hoth_bldg_hoth_turret_destroyed.msh.Material1
		kam_prop_antiaircraft.msh.Material641


INFO: RenderType 28 (bumpmap + glossmap) used by: 
		all_1st_weap_inf_launcher.msh.Material1
		all_1st_weap_inf_pistol.msh.Material1
		all_1st_weap_inf_pistol.msh.Material3
		all_1st_weap_inf_rifle.msh.Material1
		all_1st_weap_inf_rifle.msh.Material5
		all_1st_weap_inf_seeker.msh.Material1
		all_1st_weap_inf_seeker.msh.Material25
		all_1st_weap_inf_sniperrifle.msh.Material1
		all_1st_weap_inf_sniperrifle.msh.Material5
		cis_1st_weap_inf_launcher.msh.Material1
		cis_1st_weap_inf_pistol.msh.Material1
		cis_1st_weap_inf_rifle.msh.Material1
		cis_1st_weap_inf_sniperrifle.msh.Material1
		gam_1st_weap_inf_axe.msh.Material1
		imp_1st_weap_inf_launcher.msh.Material1
		imp_1st_weap_inf_pistol.msh.Material1
		imp_1st_weap_inf_pistol.msh.Material3
		imp_1st_weap_inf_rifle.msh.Material1
		imp_1st_weap_inf_rifle.msh.Material15
		imp_1st_weap_inf_rifle.msh.Material27
		imp_1st_weap_inf_rifle.msh.Material31
		imp_1st_weap_inf_sniperrifle.msh.Material1
		imp_1st_weap_inf_sniperrifle.msh.Material7
		rep_1st_weap_inf_pistol.msh.Material1
		rep_1st_weap_inf_rifle.msh.Material1
		rep_1st_weap_inf_sniperrifle.msh.Material1


INFO: RenderType 29 (teleportal) used by: 
		


INFO: RenderType 30 (multistate) used by: 
		


INFO: RenderType 31 (shield) used by: 
		


INFO: ------------- Walking "SWBF2_ModTools/assets/worlds". -------------
INFO: RenderType 0 (normal) used by: 
		


INFO: RenderType 1 (glow) used by: 
		tat_prop_homestead_lamp.msh.Material3


INFO: RenderType 2 (detail) used by: 
		


INFO: RenderType 3 (scrolling) used by: 
		Cor1_bldg_Security_room.msh.Material7213
		Cor1_bldg_Server_room.msh.Material10851
		Cor1_bldg_War_Room.msh.Material11081
		cor1_prop_buldings_sky.msh.Material9191
		cor1_prop_buldings_sky.msh.Material9193
		dea_sfx_laserbeam_lg1.msh.Material1
		dea_sfx_laserbeam_lg2.msh.Material1
		dea_sfx_laserbeam_md1.msh.Material1
		dea_sfx_laserbeam_sm1.msh.Material1
		dea_sfx_laserbeam_sm2.msh.Material1
		dea1_bldg_beam_barrel.msh.Material126
		dea1_bldg_falcon_hanger_DoorSide.msh.Material1
		dea1_bldg_falcon_hanger_Side.msh.Material1
		dea1_bldg_fire_control_room.msh.Material106_copy_copy_copy11
		dea1_bldg_over_bridge.msh.Material106_copy_copy_copy_copy1_copy1
		dea1_bldg_over_bridge.msh.Material106_copy_copy_copy14
		dea1_bldg_tie_hanger_Floor.msh.Material1491
		dea1_bldg_tie_hanger_Side.msh.Material3071
		dea_icon_disk.msh.Material31
		end_bldg_bunker_controlpanel.msh.Material13
		end_bldg_bunker_controlpanel.msh.Material25
		end_bldg_bunker_controlpanel.msh.Material27
		end_bldg_bunker_controlpanel.msh.Material29
		end_bldg_bunker_controlpanel.msh.Material31
		fel1_icon_powercell.msh.Material21
		geo_icon_disk.msh.Material31
		geo_prop_war_room_table.msh.Material6
		geo_prop_war_room_table.msh.Material8
		geo_prop_war_room_table.msh.Material10
		geo_prop_war_room_table.msh.Material14
		geo_sky_dome_2.msh.Material181
		hoth_prop_command_console_a.msh.Material3
		hoth_prop_command_console_a.msh.Material5
		hoth_prop_command_console_a.msh.Material7
		hoth_prop_command_console_a.msh.Material9
		hoth_prop_command_console_a.msh.Material11
		hoth_prop_command_console_a.msh.Material13
		hoth_prop_command_console_a.msh.Material15
		hoth_prop_command_console_a.msh.Material17
		hoth_prop_command_console_a.msh.Material19
		hoth_prop_command_console_a.msh.Material21
		hoth_prop_command_console_a.msh.Material23
		hoth_prop_command_console_a.msh.Material25
		hoth_prop_command_console_a.msh.Material29
		hoth_prop_command_console_c.msh.Material13
		hoth_prop_command_console_c.msh.Material14
		hoth_prop_command_console_c.msh.Material15
		hoth_prop_command_console_c.msh.Material20
		hoth_prop_command_console_c.msh.Material21
		hoth_prop_command_console_c.msh.Material23
		hoth_prop_command_console_c.msh.Material25
		hoth_prop_command_console_c.msh.Material33
		hoth_prop_command_console_c.msh.Material35
		hoth_prop_command_console_c.msh.Material37
		hoth_prop_command_console_c.msh.Material39
		hoth_prop_command_console_c.msh.Material41
		hoth_prop_command_console_c.msh.Material43
		hoth_prop_command_console_c.msh.Material45
		hoth_prop_command_console_c.msh.Material47
		hoth_prop_command_mainframe.msh.Material5
		hoth_prop_command_mainframe.msh.Material7
		hoth_prop_command_mainframe.msh.Material9
		hoth_prop_command_mainframe.msh.Material11
		hoth_prop_command_mainframe.msh.Material13
		hoth_prop_command_mainframe.msh.Material15
		hoth_prop_command_mainframe.msh.Material17
		hoth_prop_command_mainframe.msh.Material19
		hoth_prop_command_mainframe.msh.Material21
		hoth_prop_command_mainframe.msh.Material23
		mus1_icon_bomb.msh.Material11
		myg1_prop_energy_collector_shield.msh.Material581
		hoth_bldg_shieldgenerator.msh.Material16
		hoth_bldg_shieldgenerator.msh.Material27
		kam_icon_embryo.msh.Material71
		kas2_bldg_barrier_stairs.msh.Material5
		kas2_bldg_barrier_stairs.msh.Material13
		kas2_bldg_barrier_stairs.msh.Material27
		kas2_bldg_barrier_wall.msh.Material5
		kas2_bldg_barrier_wall.msh.Material7
		kas2_bldg_barrier_wall.msh.Material9
		kas2_bldg_barrier_wall.msh.Material11
		kas2_bldg_barrier_wall.msh.Material13
		kas2_bldg_barrier_wall.msh.Material15
		kas2_bldg_barrier_wall.msh.Material17
		kas2_bldg_barrier_wall.msh.Material27
		kas2_bldg_barrier_wall.msh.Material51
		kas2_bldg_barrier_wall.msh.Material53
		kas2_prop_door_mech.msh.Material821
		mus1_bldg_Conference.msh.Material741
		mus1_bldg_control.msh.Material1811
		mus1_bldg_control.msh.Material1813
		mus1_bldg_control.msh.Material1801
		mus1_bldg_control.msh.Material1803
		mus1_bldg_lava_lava.msh.Material1051
		mus1_bldg_world_1.msh.Material2373
		mus1_bldg_world_1.msh.Scene_Material291
		mus1_bldg_world_2.msh.Material2371
		mus1_bldg_world_2.msh.Scene_Material281
		mus1_bldg_world_3.msh.Material2371
		mus1_bldg_world_3.msh.Scene_Material281
		mus1_prop_proto.msh.Scene_Material11
		myg_sfx_collectorray.msh.Material1
		myg_sfx_collectorray2.msh.Material1
		myg1_icon_crystal.msh.Material41
		myg1_prop_energy_collector_shield.msh.Material581
		myg1_prop_shield_generator2.msh.Material331
		myg1_sky_mist.msh.Material411
		myg1_sky_mist_1.msh.Material411
		myg1_sky_mist_10.msh.Material411
		myg1_sky_mist_11.msh.Material411
		myg1_sky_mist_12.msh.Material411
		myg1_sky_mist_13.msh.Material411
		myg1_sky_mist_14.msh.Material411
		myg1_sky_mist_15.msh.Material411
		myg1_sky_mist_2.msh.Material411
		myg1_sky_mist_3.msh.Material411
		myg1_sky_mist_5.msh.Material411
		myg1_sky_mist_6.msh.Material411
		myg1_sky_mist_7.msh.Material411
		myg1_sky_mist_8.msh.Material411
		myg1_sky_mist_9.msh.Material411
		nab2_prop_fountain.msh.Material321
		nab2_prop_fountain.msh.Material322
		pol1_prop_cavern_shield.msh.Material3131
		pol1_prop_cavern_shield.msh.Material3631
		pol1_prop_commscreen.msh.Material3791
		pol1_prop_commscreen_scroll.msh.Material3741
		pol1_prop_commscreen_scroll.msh.Material3871
		pol1_prop_commscreen_scroll.msh.Material3881
		pol1_prop_commscreen_scroll.msh.Material3691
		pol1_prop_commscreen_scroll.msh.Material3821
		pol1_prop_control_console.msh.Material3791
		pol1_prop_control_console.msh.Material3741
		pol1_prop_control_console.msh.Material3871
		pol1_prop_control_console.msh.Material3881
		pol1_prop_control_console.msh.Material3691
		pol1_prop_control_console.msh.Material3821
		pol1_prop_hanger_shield.msh.Material591
		pol1_prop_health_shield.msh.Material2711
		pol1_prop_vent.msh.Material51
		pol1_prop_vent.msh.Material71
		Pol_bldg_Dockingstation.msh.Material591
		Pol_bldg_Hanger.msh.Material2291
		Pol_bldg_Hanger_01.msh.Material2291
		pol_icon_disk.msh.Material31
		Pol_prop_shield.msh.Material591
		Pol_prop_shield.msh.Material2711
		tan4_icon_disk.msh.Material31
		hoth_prop_command_console_a.msh.Material3
		hoth_prop_command_console_a.msh.Material5
		hoth_prop_command_console_a.msh.Material7
		hoth_prop_command_console_a.msh.Material9
		hoth_prop_command_console_a.msh.Material11
		hoth_prop_command_console_a.msh.Material13
		hoth_prop_command_console_a.msh.Material15
		hoth_prop_command_console_a.msh.Material17
		hoth_prop_command_console_a.msh.Material19
		hoth_prop_command_console_a.msh.Material21
		hoth_prop_command_console_a.msh.Material23
		hoth_prop_command_console_a.msh.Material25
		hoth_prop_command_console_a.msh.Material29
		hoth_prop_command_console_c.msh.Material13
		hoth_prop_command_console_c.msh.Material14
		hoth_prop_command_console_c.msh.Material15
		hoth_prop_command_console_c.msh.Material20
		hoth_prop_command_console_c.msh.Material21
		hoth_prop_command_console_c.msh.Material23
		hoth_prop_command_console_c.msh.Material25
		hoth_prop_command_console_c.msh.Material33
		hoth_prop_command_console_c.msh.Material35
		hoth_prop_command_console_c.msh.Material37
		hoth_prop_command_console_c.msh.Material39
		hoth_prop_command_console_c.msh.Material41
		hoth_prop_command_console_c.msh.Material43
		hoth_prop_command_console_c.msh.Material45
		hoth_prop_command_console_c.msh.Material47
		hoth_prop_command_mainframe.msh.Material5
		hoth_prop_command_mainframe.msh.Material7
		hoth_prop_command_mainframe.msh.Material9
		hoth_prop_command_mainframe.msh.Material11
		hoth_prop_command_mainframe.msh.Material13
		hoth_prop_command_mainframe.msh.Material15
		hoth_prop_command_mainframe.msh.Material17
		hoth_prop_command_mainframe.msh.Material19
		hoth_prop_command_mainframe.msh.Material21
		hoth_prop_command_mainframe.msh.Material23
		tan1_stars.msh.Material1
		tan4_bldg_conf.msh.Material115
		tan4_bldg_frontdeck.msh.Material221
		tan4_bldg_frontdeck.msh.Material4223
		tan4_bldg_frontdeck.msh.Material4224
		tan4_bldg_frontdeck.msh.Material433
		tan4_bldg_frontdeck.msh.Material434
		tan4_bldg_frontdeck.msh.Material441
		tan4_bldg_frontdeck.msh.Material442
		tan4_bldg_frontdeck.msh.Material233
		tan4_bldg_frontdeck.msh.Scene_Material111
		tan4_bldg_frontdeck.msh.Scene_Material211
		tan4_bldg_frontdeck.msh.Scene_Material212
		tan4_icon_disk.msh.Material31
		tat3_bldg_SKY.msh.Material1
		tat3_bldg_SKY.msh.Material3
		tat3_prop_bed.msh.Material391
		tat3_prop_carbonite.msh.Material11
		tat3_prop_carbonite.msh.Material13
		tat3_prop_carbonite.msh.Material15
		tat3_prop_carbonite.msh.Material17
		tat3_prop_carbonite.msh.Material36
		tat3_prop_carbonite.msh.Material40
		tat3_prop_mod.msh.Material601
		tat2_bldg_cantina.msh.Material631
		tat2_bldg_cantina.msh.Material381
		tat2_bldg_cantina.msh.Material331
		tat2_bldg_cantina.msh.Material31
		tat2_bldg_cantina.msh.Material1
		uta1_bldg_tower.msh.Material2361
		yav_bldg_controlroom.msh.Material18
		yav_bldg_controlroom.msh.Material20
		yav_bldg_controlroom.msh.Material22
		yav_bldg_controlroom.msh.Material24
		yav_bldg_controlroom.msh.Material63
		yav_bldg_greattemple_contents.msh.Material4
		yav_bldg_greattemple_contents.msh.Material6
		yav_bldg_greattemple_contents.msh.Material15
		yav_bldg_greattemple_contents.msh.Material25
		yav_bldg_greattemple_contents.msh.Material29
		yav_bldg_greattemple_contents.msh.Material59
		yav_bldg_greattemple_contents.msh.Material107
		yav_icon_bomb.msh.Material11
		yav_prop_waterfall.msh.Material7
		yav_prop_waterfall.msh.Material11
		yav_prop_waterfall.msh.Material15
		yav_bldg_bazaar.msh.Material52


INFO: RenderType 4 (specular) used by: 
		geo_bldg_technounion.msh.Material10
		kam_bldg_aaa_bridge.msh.Material1
		kam_bldg_aaa_bridge.msh.Material4
		kam_bldg_aaa_bridge.msh.Material5
		kam_bldg_aaa_bridge.msh.Material7
		kam_bldg_aaa_bridge.msh.Material8
		kam_bldg_aaa_bridge.msh.Material11
		kam_bldg_antenna.msh.Material1
		kam_bldg_bridge2.msh.Material1
		kam_bldg_bridge2.msh.Material3
		kam_bldg_bridge2.msh.Material5
		kam_bldg_bridge2.msh.Material13
		kam_bldg_bridge3.msh.Material1
		kam_bldg_bridge3.msh.Material3
		kam_bldg_bridge3.msh.Material21
		kam_bldg_bridge3.msh.Material28
		kam_bldg_bridge4.msh.Material1
		kam_bldg_bridge4.msh.Material3
		kam_bldg_bridge4.msh.Material22
		kam_bldg_bunker1.msh.Material1
		kam_bldg_bunker1.msh.Material10
		kam_bldg_bunker1.msh.Material13
		kam_bldg_bunker1.msh.Material16
		kam_bldg_bunker1.msh.Material20
		kam_bldg_bunker1.msh.Material22
		kam_bldg_landplatform1.msh.Material474
		kam_bldg_mushplatform1.msh.Scene_Material323
		kam_bldg_mushplatform2.msh.Scene_Material21
		kam_bldg_pod2.msh.Material321
		kam_bldg_pod2.msh.Material61
		kam_bldg_pod2.msh.Material231
		kam_bldg_ramp2.msh.Material1
		kam_bldg_ramp2.msh.Material3
		kam_bldg_ramp2.msh.Material27
		kam_bldg_ramp2.msh.Material33
		kam_bldg_ramp3.msh.Material1
		kam_bldg_ramp3.msh.Material3
		kam_bldg_ramp3.msh.Material25
		kam_bldg_ramp3.msh.Material31
		kam_bldg_ramp3.msh.Material33
		kam_bldg_tower1.msh.Material1
		kam_prop_pillar.msh.Material441
		kam_prop_pillar2.msh.Material2
		kam_prop_pillar.msh.Material1
		kam_prop_pillar2.msh.Material2
		kas2_prop_tech_pillar_1.msh.Material2
		kas2_prop_tech_pillar_2.msh.Material2
		nab2_bldg_rotunda_bridge.msh.Material13
		nab2_prop_spire_1.msh.Material3
		rep_hover_gianspeeder_chunk1.msh.Material2
		rep_hover_gianspeeder_chunk2.msh.Material1
		rep_hover_gianspeeder_chunk3.msh.Material1
		rep_hover_gianspeeder_chunk4.msh.Material1
		rep_hover_gian_speeder.msh.Material1
		pol1_bldg_hall_hanger.msh.Scene_Material261
		pol1_bldg_hall_right.msh.Material3371
		Pol1_bldg_radar_main.msh.Scene_Material212
		Pol1_bldg_radar_screens.msh.Scene_Material213
		Pol_bldg_interior_building.msh.Material3221
		Pol_bldg_radar.msh.Scene_Material212
		Pol_prop_landing_window.msh.Material3521
		Pol_prop_landing_window2.msh.Material3521
		Pol_prop_landing_window_2.msh.Material3521
		tat3_bldg_barracks_hallway.msh.Material431
		tat3_bldg_jabba.msh.Material21
		tat3_bldg_jabba.msh.Material1
		tat3_bldg_rancor.msh.Material11
		tat3_bldg_torture_pipes.msh.Material1341
		tat3_bldg_torture_pipes_1.msh.Material1371
		tat3_bldg_torture_pipes_2.msh.Material1
		tat3_bldg_torture_rubbish.msh.Material1
		tat3_bldg_torture_rubbish.msh.Material6
		tat3_bldg_torture_rubbish.msh.Scene_Material1
		tat3_bldg_torture_rubbish.msh.Material54
		tat3_prop_torture_pipes.msh.Material1191
		yav_bldg_column.msh.Material1
		yav_bldg_ruins_column1.msh.Material1
		yav_bldg_ruins_column2.msh.Material1


INFO: RenderType 5 (glossmap) used by: 
		


INFO: RenderType 6 (chrome) used by: 
		nab2_prop_fountain.msh.Material281
		tan4_bldg_corridor.msh.Material31
		tan4_bldg_corridor.msh.Material791
		tan4_bldg_corridor.msh.Material51
		tan4_bldg_corridor_01.msh.Scene_Material101
		tan4_bldg_corridor_01.msh.Material41
		tan4_bldg_corridor_01.msh.Material1
		tan4_bldg_corridor_01_a.msh.Scene_Material1
		tan4_bldg_corridor_01_a.msh.Material41
		tan4_bldg_corridor_01_a.msh.Material51
		tan4_bldg_corridor_01_b.msh.Scene_Material1
		tan4_bldg_corridor_01_b.msh.Material41
		tan4_bldg_corridor_01_b.msh.Material51
		tan4_bldg_corridor_02.msh.Scene_Material91
		tan4_bldg_corridor_02.msh.Material1
		tan4_bldg_corridor_02_a.msh.Material31
		tan4_bldg_corridor_02_a.msh.Material61
		tan4_bldg_corridor_02_a.msh.Material791
		tan4_bldg_corridor_02_b.msh.Material31
		tan4_bldg_corridor_02_b.msh.Material51
		tan4_bldg_corridor_02_c.msh.Material41
		tan4_bldg_corridor_02_c.msh.Material31
		tan4_bldg_corridor_02_c.msh.Material51
		tan4_bldg_corridor_a.msh.Scene_Material61
		tan4_bldg_corridor_a.msh.Material791
		tan4_bldg_corridor_a.msh.Material18
		tan4_bldg_corridor_a.msh.Material51
		tan4_bldg_corridor_b.msh.Material31
		tan4_bldg_corridor_b.msh.Material41
		tan4_bldg_corridor_b.msh.Material53
		tan4_bldg_corridor_b.msh.Material791
		tan4_bldg_corridor_c.msh.Scene_Material71
		tan4_bldg_corridor_c.msh.Material41
		tan4_bldg_corridor_c.msh.Material51
		tan4_bldg_corridor_c.msh.Material791
		tan4_prop_barrel_01.msh.Material2


INFO: RenderType 7 (animated) used by: 
		


INFO: RenderType 8 (ice) used by: 
		


INFO: RenderType 9 (sky) used by: 
		


INFO: RenderType 10 (water) used by: 
		


INFO: RenderType 11 (lightmap) used by: 
		end_prop_trunk04.msh.Scene_Material91
		hoth_bldg_hangar_entry.msh.Material16
		tat3_bldg_rancor_pit.msh.Material241


INFO: RenderType 12 (2scroll) used by: 
		


INFO: RenderType 13 (rotate) used by: 
		


INFO: RenderType 14 (glow rotate) used by: 
		


INFO: RenderType 15 (planar reflection) used by: 
		


INFO: RenderType 16 (glow scroll) used by: 
		


INFO: RenderType 17 (glow 2 scroll) used by: 
		


INFO: RenderType 18 (curved reflection) used by: 
		


INFO: RenderType 19 (normalmap fade) used by: 
		


INFO: RenderType 20 (normalmap inv fade) used by: 
		


INFO: RenderType 21 (ice reflection) used by: 
		


INFO: RenderType 22 (ice refraction) used by: 
		


INFO: RenderType 23 (emboss) used by: 
		


INFO: RenderType 24 (wireframe) used by: 
		fel1_bldg_destroyed_gunship.msh.Material461
		fel1_prop_supply_box.msh.Material11
		geo_bldg_bunker_1.msh.Material511
		geo_bldg_bunker_1.msh.Material512
		geo_bldg_bunker_1.msh.Material532
		geo_bldg_bunker_1.msh.Material533
		geo_bldg_bunker_1.msh.Material521
		geo_bldg_bunker_2_outside.msh.Material551


INFO: RenderType 25 (energy) used by: 
		dea1_bldg_corridor_prison.msh.Material1481
		dea1_bldg_corridor_prison.msh.Material1482
		dea1_bldg_corridor_prison1.msh.Material1481
		dea1_bldg_over_bridge.msh.Material3031
		dea1_bldg_over_bridge.msh.Material3033
		dea1_bldg_over_bridge.msh.Material3035
		dea1_prop_bridge_panel.msh.Material2802
		dea1_prop_panel.msh.Material1
		dea1_prop_panel.msh.Material11
		myg1_bldg_large_base.msh.Material501
		hoth_prop_crate_2.msh.Scene_Material2
		uta1_bldg_supporter.msh.Material5981
		uta1_bldg_tower.msh.Material2351
		uta1_prop_deskandchair.msh.Material1091


INFO: RenderType 26 (afterburner) used by: 
		Uta1_bldg_engine.msh.Material661
		Uta1_bldg_generator_A.msh.Material561
		uta1_bldg_supporter.msh.Material1951


INFO: RenderType 27 (bumpmap) used by: 
		dea1_bldg_blast_corridor.msh.Material1
		dea1_bldg_blast_corridor.msh.Material1421
		dea1_bldg_blast_corridor.msh.Material107_copy_copy2_copy_copy1
		dea1_bldg_bridge_corridor.msh.Material2671
		dea1_bldg_bridge_corridor.msh.Material2681
		dea1_bldg_bridge_corridor.msh.Material2691
		dea1_bldg_bridge_corridor.msh.Material2711
		dea1_bldg_bridge_corridor.msh.Material2741
		dea1_bldg_central_platfom.msh.Material2831
		dea1_bldg_central_shaft.msh.Material2841
		dea1_bldg_central_shaft.msh.Material1191
		dea1_bldg_central_shaft.msh.Material2843
		dea1_bldg_central_shaft.msh.Material1651
		dea1_bldg_central_shaft.msh.Material1641
		dea1_bldg_central_shaft.msh.Material2901
		dea1_bldg_central_shaft_cor.msh.Material2841
		dea1_bldg_central_shaft_cor.msh.Material1641
		dea1_bldg_conference_room.msh.Material1521
		dea1_bldg_conference_room_corridor.msh.Material1551
		dea1_bldg_conference_room_corridor.msh.Material1541
		dea1_bldg_corridor_prison.msh.Material3271
		dea1_bldg_corridor_prison1.msh.Material3271
		dea1_bldg_corridor_prison_A.msh.Material1191
		dea1_bldg_corridor_prison_A.msh.Material3201
		dea1_bldg_corridor_prison_A.msh.Material3351
		dea1_bldg_corridor_prison_A.msh.Material3371
		dea1_bldg_corridor_prison_B.msh.Material1191
		dea1_bldg_corridor_prison_B.msh.Material3201
		dea1_bldg_corridor_prison_B.msh.Material3381
		dea1_bldg_corridor_prison_B.msh.Material3391
		dea1_bldg_corridor_prison_C.msh.Material1191
		dea1_bldg_corridor_prison_C.msh.Material3281
		dea1_bldg_corridor_prison_D.msh.Material3271
		dea1_bldg_corridor_prison_D.msh.Scene_Material13
		dea1_bldg_falcon_hanger_DoorSide.msh.Material1521
		dea1_bldg_falcon_hanger_Floor.msh.Material2091
		dea1_bldg_falcon_hanger_Floor.msh.Material2101
		dea1_bldg_falcon_hanger_Side.msh.Material1521
		dea1_bldg_falcon_hanger_Wall.msh.Material1571
		dea1_bldg_fire_control_room.msh.Material31
		dea1_bldg_fire_control_room.msh.Material2051
		dea1_bldg_fire_control_room.msh.Material1471
		dea1_bldg_fire_control_room.msh.Material1
		dea1_bldg_fire_control_room.msh.Material2171
		dea1_bldg_fire_control_room.msh.Material1882
		dea1_bldg_froom_platform.msh.Material1951
		dea1_bldg_froom_platform2.msh.Material1951
		dea1_bldg_over_bridge.msh.Material2661
		dea1_bldg_over_bridge_corridor.msh.Material2651
		dea1_bldg_over_bridge_corridor.msh.Material2551
		dea1_bldg_over_bridge_corridor.msh.Material107_copy_copy2_copy_copy11
		dea1_bldg_prison_collision01.msh.Scene_Material11
		dea1_bldg_prison_collision02.msh.Material3271
		dea1_bldg_prison_collision02.msh.Material3261
		dea1_bldg_prison_collision03.msh.Scene_Material15
		dea1_bldg_reactor_collision01.msh.Material1811
		dea1_bldg_reactor_collision01.msh.Material1222
		dea1_bldg_reactor_collision01.msh.Material1521
		dea1_bldg_reactor_collision02.msh.Material1811
		dea1_bldg_reactor_collision02.msh.Material1222
		dea1_bldg_reactor_collision02.msh.Material1521
		dea1_bldg_reactor_room.msh.Material1482
		dea1_bldg_reactor_room_corridor.msh.Material1901
		dea1_bldg_reactor_room_corridor.msh.Material1
		dea1_bldg_reactor_room_platform.msh.Material1811
		dea1_bldg_reactor_room_platform.msh.Material1221
		dea1_bldg_reactor_room_platform.msh.Material1521
		dea1_bldg_reactor_room_reactors.msh.Material1811
		dea1_bldg_reactor_room_reactors.msh.Material311
		dea1_bldg_tie_hanger_Corridor.msh.Material1411
		dea1_bldg_tie_hanger_Corridor.msh.Material107_copy_copy2_copy_copy1
		dea1_bldg_tie_hanger_Corridor.msh.Material107_copy_copy2_copy_copy3
		dea1_bldg_tie_hanger_Floor.msh.Material2491
		dea1_bldg_tie_hanger_Floor.msh.Material2521
		dea1_bldg_tie_hanger_Side.msh.Material1521
		dea1_bldg_tie_hanger_Wall.msh.Material1571
		dea1_prop_door_blast.msh.Material21
		dea1_prop_open_bridge.msh.Material1811
		end_bldg_ewok_walkway_26.msh.Scene_Material1
		end_bldg_ewok_walkway_32.msh.Material271
		end_bldg_ewok_walkway_32.msh.Scene_Material1
		end_prop_tree01.msh.Material41
		end_prop_tree02.msh.Material31
		end_prop_tree03.msh.Material31
		end_prop_tree04.msh.Material31
		end_prop_treeclump01.msh.Material11
		end_prop_trunk01.msh.Material1
		end_prop_trunk02.msh.Scene_Material1
		end_prop_trunk02.msh.Scene_Material5
		end_prop_trunk03.msh.Scene_Material31
		end_prop_trunk04.msh.Scene_Material31
		end_prop_trunk04.msh.Scene_Material121
		end_prop_trunk04.msh.Scene_Material51
		end_prop_trunk05.msh.Material1
		end_prop_trunk05.msh.Material3
		end_prop_boulder.msh.Material11
		end_prop_tree02.msh.Material1
		antiaircraft_chunk4.msh.Material752
		fel1_bldg_bladder.msh.Material321
		fel1_bldg_destroyed_walker.msh.Material1461
		fel1_bldg_fungal_root.msh.Material671
		fel1_bldg_fungal_root.msh.Material681
		fel1_bldg_mtn_accessoryShort.msh.Material581
		fel1_bldg_mtn_accessoryShort.msh.Material561
		fel1_bldg_mtn_accessoryTall.msh.Material581
		fel1_bldg_mtn_accessoryTall.msh.Material421
		fel1_bldg_mtn_accessoryTall.msh.Material541
		fel1_bldg_mtn_accessoryTall.msh.Material411
		fel1_bldg_segmented.msh.Material421
		fel1_bldg_whisker_clump01.msh.Material381
		fel1_weap_prop_turret.msh.Material551
		fel1_weap_prop_turret.msh.Material5533
		rep_walk_atte_busted.msh.Material31
		geo_bldg_bunker_1_outside.msh.Material461
		hoth_bldg_shieldgenerator_dst.msh.Material361
		hoth_prop_crate_large.msh.Material1
		hoth_prop_crate_small.msh.Material11
		hoth_prop_hangar_bridge.msh.Material442
		hoth_prop_hangar_bridge.msh.Material21
		Pol_bldg_Hanger_platform.msh.Material3361
		tat2_bldg_crashed_spaceship.msh.Material131
		tat2_bldg_crashed_spaceship.msh.Material111
		tat2_bldg_crashed_spaceship.msh.Material101
		tat2_bldg_jawa_junky.msh.Scene_Material61
		tat2_bldg_jawa_junky.msh.Scene_Material121
		tat2_prop_prop1.msh.Scene_Material1
		tat2_prop_prop3.msh.Material1
		tat2_prop_prop4.msh.Material1
		uta1_bldg_building01.msh.Material2471
		uta1_bldg_building02_pillar_L.msh.Material2381
		uta1_bldg_ct_zone_hanger.msh.Material2362
		uta1_bldg_ct_zone_hanger.msh.Material2531
		uta1_bldg_landingpen.msh.Material4291
		uta1_bldg_landingplatform.msh.Material4291
		uta1_bldg_landingplatform.msh.Material4321
		uta1_bldg_landingzone.msh.Material4411
		uta1_bldg_lizardpen.msh.Material5121
		uta1_bldg_lizardpen.msh.Material3471
		uta1_bldg_lizardpen.msh.Material3332
		uta1_bldg_lizardpen.msh.Material5001
		uta1_bldg_lizardpen_roof.msh.Material5121
		uta1_bldg_macy.msh.Material2541
		uta1_bldg_macy_base_pillars.msh.Material2551
		uta1_bldg_macy_collision1.msh.Material2541
		uta1_bldg_macy_collision2.msh.Material2541
		uta1_bldg_macy_up_pillars01.msh.Material2551
		uta1_bldg_macy_up_pillars02.msh.Material2551
		uta1_bldg_macy_up_pillars03.msh.Material2551
		uta1_bldg_macy_up_pillars04.msh.Material2551
		uta1_bldg_overbridge.msh.Material2351
		uta1_bldg_sector10_hanger.msh.Material4021
		uta1_bldg_sector10_hanger.msh.Material2491
		uta1_bldg_turret.msh.Material641
		uta1_bldg_turret.msh.Material1321
		uta1_bldg_turtleshell.msh.Material3471
		uta1_bldg_turtleshell.msh.Material4711


INFO: RenderType 28 (bumpmap + glossmap) used by: 
		end_bldg_bunker.msh.Material311
		geo_bldg_geoturret.msh.Material3
		geo_bldg_geoturret.msh.Scene_Material1
		geo_bldg_geoturret.msh.Material31
		hoth_prop_hangar_bridge.msh.Material441
		hoth_prop_hangar_bridge.msh.Material22
		tat3_prop_carbonite.msh.Material1
		tat3_prop_droid_rubbish01.msh.Material13
		tat3_prop_droid_rubbish03.msh.Material6
		tat2_bldg_small2.msh.Material11
		tat2_prop_prop1.msh.Scene_Material3
		tat_bldg_barge.msh.Material121
		tat_bldg_barge.msh.Scene_Material11


INFO: RenderType 29 (teleportal) used by: 
		


INFO: RenderType 30 (multistate) used by: 
		


INFO: RenderType 31 (shield) used by: 
		


INFO: ------------- Finished walking over 3564 .msh files in 1s at 2016-03-22 19:30:33.821846. -------------
